CPEN 431 EVALUATION test Client
Time: Wed Apr 12 22:14:33 PDT 2023
Build Date: Wed Dec 31 16:00:00 PST 1969
Java process ID: 6051
Assignment ID: 11
Client Version: 1

[Info] A11 client running in TEST mode.

[Info] Starting A11 Tests

[Info] Done building nodes' list.

[Info] The deployment has 40 server nodes.

[Info] Skipping tests of local deployment since not running in submit mode.
Sending GETPID to all servers... 
[Info] Server node localhost4445 has process ID 6003.
[Info] Server node localhost4446 has process ID 6004.
[Info] Server node localhost4447 has process ID 6005.
[Info] Server node localhost4448 has process ID 6006.
[Info] Server node localhost4449 has process ID 6007.
[Info] Server node localhost4450 has process ID 6008.
[Info] Server node localhost4451 has process ID 6009.
[Info] Server node localhost4452 has process ID 6010.
[Info] Server node localhost4453 has process ID 6011.
[Info] Server node localhost4454 has process ID 6012.
[Info] Server node localhost4455 has process ID 6013.
[Info] Server node localhost4456 has process ID 6014.
[Info] Server node localhost4457 has process ID 6015.
[Info] Server node localhost4458 has process ID 6016.
[Info] Server node localhost4459 has process ID 6017.
[Info] Server node localhost4460 has process ID 6018.
[Info] Server node localhost4461 has process ID 6019.
[Info] Server node localhost4462 has process ID 6020.
[Info] Server node localhost4463 has process ID 6021.
[Info] Server node localhost4464 has process ID 6022.
[Info] Server node localhost4465 has process ID 6023.
[Info] Server node localhost4466 has process ID 6024.
[Info] Server node localhost4467 has process ID 6025.
[Info] Server node localhost4468 has process ID 6026.
[Info] Server node localhost4469 has process ID 6027.
[Info] Server node localhost4470 has process ID 6028.
[Info] Server node localhost4471 has process ID 6029.
[Info] Server node localhost4472 has process ID 6030.
[Info] Server node localhost4473 has process ID 6031.
[Info] Server node localhost4474 has process ID 6032.
[Info] Server node localhost4475 has process ID 6033.
[Info] Server node localhost4476 has process ID 6034.
[Info] Server node localhost4477 has process ID 6035.
[Info] Server node localhost4478 has process ID 6036.
[Info] Server node localhost4479 has process ID 6037.
[Info] Server node localhost4480 has process ID 6038.
[Info] Server node localhost4481 has process ID 6039.
[Info] Server node localhost4482 has process ID 6040.
[Info] Server node localhost4483 has process ID 6041.
[Info] Server node localhost4484 has process ID 6042.
[ ... Completed in 0.084 seconds ]
[OK]

Sending GetMembershipCount to all servers... 
[Info] Server localhost:4448 replied with membership count = 40 (expected count = 40)
[Info] Server localhost:4449 replied with membership count = 40 (expected count = 40)
[Info] Server localhost:4453 replied with membership count = 40 (expected count = 40)
[Info] Server localhost:4454 replied with membership count = 40 (expected count = 40)
[Info] Server localhost:4446 replied with membership count = 40 (expected count = 40)
[Info] Server localhost:4447 replied with membership count = 40 (expected count = 40)
[Info] Server localhost:4445 replied with membership count = 40 (expected count = 40)
[Info] Server localhost:4452 replied with membership count = 40 (expected count = 40)
[Info] Server localhost:4451 replied with membership count = 40 (expected count = 40)
[Info] Server localhost:4455 replied with membership count = 40 (expected count = 40)
[Info] Server localhost:4450 replied with membership count = 40 (expected count = 40)
[Info] Server localhost:4456 replied with membership count = 40 (expected count = 40)
[Info] Server localhost:4457 replied with membership count = 40 (expected count = 40)
[Info] Server localhost:4458 replied with membership count = 40 (expected count = 40)
[Info] Server localhost:4460 replied with membership count = 40 (expected count = 40)
[Info] Server localhost:4459 replied with membership count = 40 (expected count = 40)
[Info] Server localhost:4461 replied with membership count = 40 (expected count = 40)
[Info] Server localhost:4462 replied with membership count = 40 (expected count = 40)
[Info] Server localhost:4463 replied with membership count = 40 (expected count = 40)
[Info] Server localhost:4464 replied with membership count = 40 (expected count = 40)
[Info] Server localhost:4466 replied with membership count = 40 (expected count = 40)
[Info] Server localhost:4467 replied with membership count = 40 (expected count = 40)
[Info] Server localhost:4465 replied with membership count = 40 (expected count = 40)
[Info] Server localhost:4468 replied with membership count = 40 (expected count = 40)
[Info] Server localhost:4469 replied with membership count = 40 (expected count = 40)
[Info] Server localhost:4470 replied with membership count = 40 (expected count = 40)
[Info] Server localhost:4471 replied with membership count = 40 (expected count = 40)
[Info] Server localhost:4472 replied with membership count = 40 (expected count = 40)
[Info] Server localhost:4473 replied with membership count = 40 (expected count = 40)
[Info] Server localhost:4474 replied with membership count = 40 (expected count = 40)
[Info] Server localhost:4475 replied with membership count = 40 (expected count = 40)
[Info] Server localhost:4476 replied with membership count = 40 (expected count = 40)
[Info] Server localhost:4477 replied with membership count = 40 (expected count = 40)
[Info] Server localhost:4478 replied with membership count = 40 (expected count = 40)
[Info] Server localhost:4479 replied with membership count = 40 (expected count = 40)
[Info] Server localhost:4480 replied with membership count = 40 (expected count = 40)
[Info] Server localhost:4481 replied with membership count = 40 (expected count = 40)
[Info] Server localhost:4482 replied with membership count = 40 (expected count = 40)
[Info] Server localhost:4483 replied with membership count = 40 (expected count = 40)
[Info] Server localhost:4484 replied with membership count = 40 (expected count = 40)
[ ... Completed in 0.007 seconds ]
[Ok] All servers returned the expected membership count (40)
Sending WIPE-OUT to all servers...
[ ... Completed in 0.081 seconds ]
[OK]
Waiting for 5 seconds for the cache to be cleared!
[Test isAlive] for localhost:4445

[ TEST Basic PUT/GET (PUT -> GET). Value Length = 8 Bytes ]
TEST_PASSED

[ TEST Basic PUT/GET (PUT -> GET). Value Length = 32 Bytes ]
TEST_PASSED

[ TEST Basic PUT/GET (PUT -> GET). Value Length = 512 Bytes ]
TEST_PASSED

[ TEST Basic PUT/GET (PUT -> GET). Value Length = 1024 Bytes ]
TEST_PASSED
Sending WIPE-OUT to all servers...
[ ... Completed in 0.053 seconds ]
[OK]
Waiting for 5 seconds for the cache to be cleared!


[ TEST Basic KVS with message version (PUT Version 1 -> GET -> PUT Version 2 -> GET). Value Length = 8 Bytes ]
TEST_PASSED


[ TEST Basic KVS with message version (PUT Version 1 -> GET -> PUT Version 2 -> GET). Value Length = 32 Bytes ]
TEST_PASSED


[ TEST Basic KVS with message version (PUT Version 1 -> GET -> PUT Version 2 -> GET). Value Length = 512 Bytes ]
TEST_PASSED


[ TEST Basic KVS with message version (PUT Version 1 -> GET -> PUT Version 2 -> GET). Value Length = 1024 Bytes ]
TEST_PASSED
Sending WIPE-OUT to all servers...
[ ... Completed in 0.071 seconds ]
[OK]
Waiting for 5 seconds for the cache to be cleared!

[ TEST Basic REMOVE (PUT -> GET -> REM -> GET). Value Length = 32 Bytes. ]
TEST_PASSED
Sending WIPE-OUT to all servers...
[ ... Completed in 0.061 seconds ]
[OK]
Waiting for 5 seconds for the cache to be cleared!

[ TEST Double remove (PUT -> REM -> REM). Value Length = 32 Bytes. ]
TEST_PASSED
Sending WIPE-OUT to all servers...
[ ... Completed in 0.063 seconds ]
[OK]
Waiting for 5 seconds for the cache to be cleared!

[ TEST Invalid Command. ]
TEST_PASSED
Sending WIPE-OUT to all servers...
[ ... Completed in 1.022 seconds ]
[OK]
Waiting for 5 seconds for the cache to be cleared!

[ TEST At-Most-Once Client Policy (PUT -> REM -> REM). Value length =  32 Bytes ]
TEST_PASSED
Sending WIPE-OUT to all servers...
[ ... Completed in 0.061 seconds ]
[OK]
Waiting for 5 seconds for the cache to be cleared!

[ TEST At-Most-Once Client Policy Empty REMs (EMPTY -> REM -> REM) ]
TEST_PASSED
Sending WIPE-OUT to all servers...
[ ... Completed in 0.058 seconds ]
[OK]
Waiting for 5 seconds for the cache to be cleared!

[ TEST At-Most-Once Client Policy (PUT -> REM -> many PUT -> REM). Value length =  32 Bytes ]
Pausing for 10 seconds to wait for the cache to be cleared!
TEST_PASSED

[ TEST At-Most-Once Client Policy Error Return Code (REM -> PUT -> REM) ]
TEST_PASSED
Sending WIPE-OUT to all servers...
[ ... Completed in 0.063 seconds ]
[OK]
Waiting for 5 seconds for the cache to be cleared!

[ TEST At-Most-Once Client Policy For PUTs (PUT1 -> PUT2 -> PUT1 -> GET2) ]
TEST_PASSED
Sending WIPE-OUT to all servers...
[ ... Completed in 0.068 seconds ]
[OK]
Waiting for 5 seconds for the cache to be cleared!

[TEST Invalid Key ]
TEST_PASSED
Sending WIPE-OUT to all servers...
[ ... Completed in 0.056 seconds ]
[OK]
Waiting for 5 seconds for the cache to be cleared!

[TEST Invalid Value ]
TEST_PASSED
Sending WIPE-OUT to all servers...
[ ... Completed in 0.063 seconds ]
[OK]
Waiting for 5 seconds for the cache to be cleared!

[ TEST Multi Client Crash: PUT -> GET (closed loop) + REM -> WIPEOUT (closed loop) ]
[Test isAlive]
Test Passed. Server is ok.
TEST_PASSED
Sending WIPE-OUT to all servers...
[ ... Completed in 0.066 seconds ]
[OK]
Waiting for 5 seconds for the cache to be cleared!
[ ... TEST Completed in 78.209 seconds ]

[ TEST Random Front-End Basic (PUT -> GET -> REM -> REM -> GET). Value Length = 8 Bytes ]
TEST_PASSED

[ TEST Random Front-End Basic (PUT -> GET -> REM -> REM -> GET). Value Length = 32 Bytes ]
TEST_PASSED

[ TEST Random Front-End Basic (PUT -> GET -> REM -> REM -> GET). Value Length = 512 Bytes ]
TEST_PASSED

[ TEST Random Front-End Basic (PUT -> GET -> REM -> REM -> GET). Value Length = 1024 Bytes ]
TEST_PASSED
[ ... TEST Completed in 0.02 seconds ]
Sending WIPE-OUT to all servers...
[ ... Completed in 0.065 seconds ]
[OK]
Waiting for 5 seconds for the cache to be cleared!
[Info] Pausing for 6 seconds to wait for the cache to be cleared!

[ TEST Random Front-End Performance (1 clients, 60.0 seconds): PUT -> GET (closed loop) ]
[Test isAlive] for localhost:4445
[Test isAlive] for localhost:4446
[Test isAlive] for localhost:4447
[Test isAlive] for localhost:4448
[Test isAlive] for localhost:4449
[Test isAlive] for localhost:4450
[Test isAlive] for localhost:4451
[Test isAlive] for localhost:4452
[Test isAlive] for localhost:4453
[Test isAlive] for localhost:4454
[Test isAlive] for localhost:4455
[Test isAlive] for localhost:4456
[Test isAlive] for localhost:4457
[Test isAlive] for localhost:4458
[Test isAlive] for localhost:4459
[Test isAlive] for localhost:4460
[Test isAlive] for localhost:4461
[Test isAlive] for localhost:4462
[Test isAlive] for localhost:4463
[Test isAlive] for localhost:4464
[Test isAlive] for localhost:4465
[Test isAlive] for localhost:4466
[Test isAlive] for localhost:4467
[Test isAlive] for localhost:4468
[Test isAlive] for localhost:4469
[Test isAlive] for localhost:4470
[Test isAlive] for localhost:4471
[Test isAlive] for localhost:4472
[Test isAlive] for localhost:4473
[Test isAlive] for localhost:4474
[Test isAlive] for localhost:4475
[Test isAlive] for localhost:4476
[Test isAlive] for localhost:4477
[Test isAlive] for localhost:4478
[Test isAlive] for localhost:4479
[Test isAlive] for localhost:4480
[Test isAlive] for localhost:4481
[Test isAlive] for localhost:4482
[Test isAlive] for localhost:4483
[Test isAlive] for localhost:4484
[ ... Completed in 0.004 seconds ]
TEST_PASSED
Stage 1 Random Front-End: Test Status: TEST_PASSED
Clients: 1
Total Requests (without replies): 12984
Total Requests (including replies): 13208
Successful Responses: 12928
Timeout Responses: 56
Total Failed Responses: 0
% Success: 99.5686999383857
% Timeout: 0.4313000616142945
% Failed: 0.0
Response Time (Successful requests):
[max] 10ms, [min] 0ms
[avg] 0.30476485148514854 ms, [stdev] 0.49025359082724507ms
Throughput: 214.90284352345327 requests per second
Goodput: 213.97596742692576 requests per second
Retry Rate (Successful requests): 1.0172520024645717
Sending WIPE-OUT to all servers...
[ ... Completed in 0.062 seconds ]
[OK]
Waiting for 5 seconds for the cache to be cleared!
[ ... TEST Completed in 65.552 seconds ]
[Info] Pausing for 6 seconds to wait for the cache to be cleared!

[ TEST Random Front-End Performance (16 clients, 60.0 seconds): PUT -> GET (closed loop) ]
[Test isAlive] for localhost:4445
[Test isAlive] for localhost:4484
[Test isAlive] for localhost:4483
[Test isAlive] for localhost:4481
[Test isAlive] for localhost:4480
[Test isAlive] for localhost:4479
[Test isAlive] for localhost:4478
[Test isAlive] for localhost:4477
[Test isAlive] for localhost:4476
[Test isAlive] for localhost:4475
[Test isAlive] for localhost:4474
[Test isAlive] for localhost:4473
[Test isAlive] for localhost:4472
[Test isAlive] for localhost:4471
[Test isAlive] for localhost:4470
[Test isAlive] for localhost:4468
[Test isAlive] for localhost:4467
[Test isAlive] for localhost:4465
[Test isAlive] for localhost:4464
[Test isAlive] for localhost:4463
[Test isAlive] for localhost:4462
[Test isAlive] for localhost:4461
[Test isAlive] for localhost:4460
[Test isAlive] for localhost:4459
[Test isAlive] for localhost:4458
[Test isAlive] for localhost:4456
[Test isAlive] for localhost:4455
[Test isAlive] for localhost:4453
[Test isAlive] for localhost:4452
[Test isAlive] for localhost:4451
[Test isAlive] for localhost:4450
[Test isAlive] for localhost:4449
[Test isAlive] for localhost:4447
[Test isAlive] for localhost:4446
[Test isAlive] for localhost:4448
[Test isAlive] for localhost:4454
[Test isAlive] for localhost:4457
[Test isAlive] for localhost:4466
[Test isAlive] for localhost:4469
[Test isAlive] for localhost:4482
[ ... Completed in 0.007 seconds ]
TEST_PASSED
Stage 1 Random Front-End: Test Status: TEST_PASSED
Clients: 16
Total Requests (without replies): 205581
Total Requests (including replies): 208791
Successful Responses: 204782
Timeout Responses: 799
Total Failed Responses: 0
% Success: 99.61134540643347
% Timeout: 0.3886545935665261
% Failed: 0.0
Response Time (Successful requests):
[max] 148ms, [min] 0ms
[avg] 0.7819876746979715 ms, [stdev] 1.1245064043053843ms
Throughput: 3374.772231068503 requests per second
Goodput: 3361.656023770048 requests per second
Retry Rate (Successful requests): 1.0156142834211332
Sending WIPE-OUT to all servers...
[ ... Completed in 0.079 seconds ]
[OK]
Waiting for 5 seconds for the cache to be cleared!
[ ... TEST Completed in 66.179 seconds ]
[Info] Pausing for 6 seconds to wait for the cache to be cleared!

[ TEST Random Front-End Performance (256 clients, 60.0 seconds): PUT -> GET (closed loop) ]
[Test isAlive] for localhost:4445
[Test isAlive] for localhost:4484
[Test isAlive] for localhost:4483
[Test isAlive] for localhost:4482
[Test isAlive] for localhost:4481
[Test isAlive] for localhost:4480
[Test isAlive] for localhost:4479
[Test isAlive] for localhost:4478
[Test isAlive] for localhost:4477
[Test isAlive] for localhost:4476
[Test isAlive] for localhost:4474
[Test isAlive] for localhost:4473
[Test isAlive] for localhost:4472
[Test isAlive] for localhost:4471
[Test isAlive] for localhost:4470
[Test isAlive] for localhost:4468
[Test isAlive] for localhost:4467
[Test isAlive] for localhost:4466
[Test isAlive] for localhost:4465
[Test isAlive] for localhost:4464
[Test isAlive] for localhost:4463
[Test isAlive] for localhost:4462
[Test isAlive] for localhost:4461
[Test isAlive] for localhost:4460
[Test isAlive] for localhost:4458
[Test isAlive] for localhost:4457
[Test isAlive] for localhost:4456
[Test isAlive] for localhost:4454
[Test isAlive] for localhost:4453
[Test isAlive] for localhost:4451
[Test isAlive] for localhost:4450
[Test isAlive] for localhost:4448
[Test isAlive] for localhost:4446
[Test isAlive] for localhost:4447
[Test isAlive] for localhost:4449
[Test isAlive] for localhost:4452
[Test isAlive] for localhost:4455
[Test isAlive] for localhost:4459
[Test isAlive] for localhost:4469
[Test isAlive] for localhost:4475
[ ... Completed in 0.009 seconds ]
TEST_PASSED
Stage 1 Random Front-End: Test Status: TEST_PASSED
Clients: 256
Total Requests (without replies): 105340
Total Requests (including replies): 290409
Successful Responses: 104915
Timeout Responses: 421
Total Failed Responses: 4
% Success: 99.59654452249858
% Timeout: 0.39965824947788114
% Failed: 0.0037972280235428137
Response Time (Successful requests):
[max] 777ms, [min] 44ms
[avg] 142.5197731496926 ms, [stdev] 63.327179896023324ms
Throughput: 1733.8490659205004 requests per second
Goodput: 1726.8537568924369 requests per second
Retry Rate (Successful requests): 2.7568729827226126
Sending WIPE-OUT to all servers...
[ ... Completed in 0.077 seconds ]
[OK]
Waiting for 5 seconds for the cache to be cleared!
[ ... TEST Completed in 65.94 seconds ]
[Info] Pausing for 6 seconds to wait for the cache to be cleared!

[ TEST Random Front-End Performance (1024 clients, 60.0 seconds): PUT -> GET (closed loop) ]
Unable to deserialize response!
Unable to deserialize response!
[Test isAlive] for localhost:4447
[Test isAlive] for localhost:4484
[Test isAlive] for localhost:4483
[Test isAlive] for localhost:4482
[Test isAlive] for localhost:4481
[Test isAlive] for localhost:4480
[Test isAlive] for localhost:4479
[Test isAlive] for localhost:4477
[Test isAlive] for localhost:4476
[Test isAlive] for localhost:4475
[Test isAlive] for localhost:4474
[Test isAlive] for localhost:4473
[Test isAlive] for localhost:4472
[Test isAlive] for localhost:4470
[Test isAlive] for localhost:4469
[Test isAlive] for localhost:4468
[Test isAlive] for localhost:4467
[Test isAlive] for localhost:4464
[Test isAlive] for localhost:4463
[Test isAlive] for localhost:4462
[Test isAlive] for localhost:4461
[Test isAlive] for localhost:4459
[Test isAlive] for localhost:4458
[Test isAlive] for localhost:4457
[Test isAlive] for localhost:4455
[Test isAlive] for localhost:4453
[Test isAlive] for localhost:4452
[Test isAlive] for localhost:4450
[Test isAlive] for localhost:4446
[Test isAlive] for localhost:4445
[Test isAlive] for localhost:4449
[Test isAlive] for localhost:4448
[Test isAlive] for localhost:4451
[Test isAlive] for localhost:4454
[Test isAlive] for localhost:4456
[Test isAlive] for localhost:4460
[Test isAlive] for localhost:4465
[Test isAlive] for localhost:4466
[Test isAlive] for localhost:4471
[Test isAlive] for localhost:4478
>>> Server node localhost is not behaving as expected.
>>> Server node localhost is not behaving as expected.
>>> Server node localhost is not behaving as expected.
>>> Server node localhost is not behaving as expected.
>>> Server node localhost is not behaving as expected.
>>> Server node localhost is not behaving as expected.
>>> Server node localhost is not behaving as expected.
>>> Server node localhost is not behaving as expected.
>>> Server node localhost is not behaving as expected.
>>> Server node localhost is not behaving as expected.
>>> Server node localhost is not behaving as expected.
>>> Server node localhost is not behaving as expected.
>>> Server node localhost is not behaving as expected.
>>> Server node localhost is not behaving as expected.
>>> Server node localhost is not behaving as expected.
>>> Server node localhost is not behaving as expected.
>>> Server node localhost is not behaving as expected.
>>> Server node localhost is not behaving as expected.
>>> Server node localhost is not behaving as expected.
>>> Server node localhost is not behaving as expected.
>>> Server node localhost is not behaving as expected.
>>> Server node localhost is not behaving as expected.
>>> Server node localhost is not behaving as expected.
>>> Server node localhost is not behaving as expected.
>>> Server node localhost is not behaving as expected.
>>> Server node localhost is not behaving as expected.
>>> Server node localhost is not behaving as expected.
>>> Server node localhost is not behaving as expected.
>>> Server node localhost is not behaving as expected.
>>> Server node localhost is not behaving as expected.
>>> Server node localhost is not behaving as expected.
[ ... Completed in 8.532 seconds ]
Test Failed. KVS not responding correctly after test!
TEST_FAILED
Stage 1 Random Front-End: Test Status: TEST_FAILED
Clients: 1024
Total Requests (without replies): 63919
Total Requests (including replies): 318635
Successful Responses: 3192
Timeout Responses: 56127
Total Failed Responses: 4600
% Success: 4.993820303822025
% Timeout: 87.80957148891567
% Failed: 7.196608207262316
Response Time (Successful requests):
[max] 1452ms, [min] 201ms
[avg] 767.9345238095239 ms, [stdev] 236.18518744410284ms
Throughput: 1047.8352813888298 requests per second
Goodput: 52.32701103260602 requests per second
Retry Rate (Successful requests): 4.984980991567452
[Error] Test did not pass. Aborting. Maximum Clients = 1024
Testing completed in 379.733s
