CPEN 431 EVALUATION test Client
Time: Wed Mar 01 20:18:48 PST 2023
Build Date: Wed Mar 01 17:28:22 PST 2023
Java process ID: 3636
Client Version: 1

[Info] A7 client running in TEST mode.

[Info] Starting A7 Tests


[Info] Done building nodes' list.
[Info] The deployment has 20 server nodes.

[Info] Skipping tests of local deployment since not running in submit mode.

Sending WIPE-OUT to all servers...
[ ... Completed in 0.509 seconds ]
[OK]
Waiting for 5 seconds for the cache to be cleared!
[Test isAlive] for 127.0.0.1:4445

[ TEST Basic PUT/GET (PUT -> GET). Value Length = 8 Bytes ]
TEST_PASSED

[ TEST Basic PUT/GET (PUT -> GET). Value Length = 32 Bytes ]
TEST_PASSED

[ TEST Basic PUT/GET (PUT -> GET). Value Length = 512 Bytes ]
TEST_PASSED

[ TEST Basic PUT/GET (PUT -> GET). Value Length = 1024 Bytes ]
TEST_PASSED
Sending WIPE-OUT to all servers...
[ ... Completed in 0.07 seconds ]
[OK]
Waiting for 5 seconds for the cache to be cleared!


[ TEST Basic KVS with message version (PUT Version 1 -> GET -> PUT Version 2 -> GET). Value Length = 8 Bytes ]
TEST_PASSED


[ TEST Basic KVS with message version (PUT Version 1 -> GET -> PUT Version 2 -> GET). Value Length = 32 Bytes ]
TEST_PASSED


[ TEST Basic KVS with message version (PUT Version 1 -> GET -> PUT Version 2 -> GET). Value Length = 512 Bytes ]
TEST_PASSED


[ TEST Basic KVS with message version (PUT Version 1 -> GET -> PUT Version 2 -> GET). Value Length = 1024 Bytes ]
TEST_PASSED
Sending WIPE-OUT to all servers...
[ ... Completed in 0.064 seconds ]
[OK]
Waiting for 5 seconds for the cache to be cleared!

[ TEST Basic REMOVE (PUT -> GET -> REM -> GET). Value Length = 32 Bytes. ]
TEST_PASSED
Sending WIPE-OUT to all servers...
[ ... Completed in 0.049 seconds ]
[OK]
Waiting for 5 seconds for the cache to be cleared!

[ TEST Double remove (PUT -> REM -> REM). Value Length = 32 Bytes. ]
TEST_PASSED
Sending WIPE-OUT to all servers...
[ ... Completed in 0.073 seconds ]
[OK]
Waiting for 5 seconds for the cache to be cleared!

[ TEST Invalid Command. ]
TEST_PASSED
Sending WIPE-OUT to all servers...
[ ... Completed in 0.066 seconds ]
[OK]
Waiting for 5 seconds for the cache to be cleared!

[ TEST At-Most-Once Client Policy (PUT -> REM -> REM). Value length =  32 Bytes ]
TEST_PASSED
Sending WIPE-OUT to all servers...
[ ... Completed in 0.056 seconds ]
[OK]
Waiting for 5 seconds for the cache to be cleared!

[ TEST At-Most-Once Client Policy Empty REMs (EMPTY -> REM -> REM) ]
TEST_PASSED
Sending WIPE-OUT to all servers...
[ ... Completed in 0.054 seconds ]
[OK]
Waiting for 5 seconds for the cache to be cleared!

[ TEST At-Most-Once Client Policy (PUT -> REM -> many PUT -> REM). Value length =  32 Bytes ]
Pausing for 10 seconds to wait for the cache to be cleared!
TEST_PASSED

[ TEST At-Most-Once Client Policy Error Return Code (REM -> PUT -> REM) ]
TEST_PASSED
Sending WIPE-OUT to all servers...
[ ... Completed in 0.057 seconds ]
[OK]
Waiting for 5 seconds for the cache to be cleared!

[ TEST At-Most-Once Client Policy For PUTs (PUT1 -> PUT2 -> PUT1 -> GET2) ]
TEST_PASSED
Sending WIPE-OUT to all servers...
[ ... Completed in 0.074 seconds ]
[OK]
Waiting for 5 seconds for the cache to be cleared!

[TEST Invalid Key ]
TEST_PASSED
Sending WIPE-OUT to all servers...
[ ... Completed in 0.07 seconds ]
[OK]
Waiting for 5 seconds for the cache to be cleared!

[TEST Invalid Value ]
TEST_PASSED
Sending WIPE-OUT to all servers...
[ ... Completed in 0.059 seconds ]
[OK]
Waiting for 5 seconds for the cache to be cleared!

[ TEST Single Front-End Performance (1 clients, 60.0 seconds): PUT -> GET (closed loop) ]
[Test isAlive] for 127.0.0.1:4445
[ ... Completed in 0.006 seconds ]
Stage 1 Single Front-End: Test Status: TEST_PASSED
Clients: 1
Total Requests (without replies): 164981
Total Requests (including replies): 164981
Successful Responses: 164981
Timeout Responses: 0
Total Failed Responses: 0
% Success: 100.0
% Timeout: 0.0
% Failed: 0.0
Response Time (Successful requests):
[max] 8ms, [min] 0ms
[avg] 0.2582176129372473 ms, [stdev] 0.46086024255252617ms
Throughput: 2749.6375060415658 requests per second
Goodput: 2749.6375060415658 requests per second
Retry Rate (Successful requests): 1.0
Sending WIPE-OUT to all servers...
[ ... Completed in 0.161 seconds ]
[OK]
Waiting for 5 seconds for the cache to be cleared!
[ ... TEST Completed in 65.56 seconds ]
[Info] Pausing for 6 seconds to wait for the cache to be cleared!

[ TEST Single Front-End Performance (2 clients, 60.0 seconds): PUT -> GET (closed loop) ]
[Test isAlive] for 127.0.0.1:4445
[ ... Completed in 0.003 seconds ]
Stage 1 Single Front-End: Test Status: TEST_PASSED
Clients: 2
Total Requests (without replies): 301966
Total Requests (including replies): 301966
Successful Responses: 301966
Timeout Responses: 0
Total Failed Responses: 0
% Success: 100.0
% Timeout: 0.0
% Failed: 0.0
Response Time (Successful requests):
[max] 14ms, [min] 0ms
[avg] 0.28225694283462377 ms, [stdev] 0.49778682758744186ms
Throughput: 5032.68278862019 requests per second
Goodput: 5032.68278862019 requests per second
Retry Rate (Successful requests): 1.0
Sending WIPE-OUT to all servers...
[ ... Completed in 0.18 seconds ]
[OK]
Waiting for 5 seconds for the cache to be cleared!
[ ... TEST Completed in 65.546 seconds ]
[Info] Pausing for 6 seconds to wait for the cache to be cleared!

[ TEST Single Front-End Performance (8 clients, 60.0 seconds): PUT -> GET (closed loop) ]
[Test isAlive] for 127.0.0.1:4445
[ ... Completed in 0.0 seconds ]
Stage 1 Single Front-End: Test Status: TEST_PASSED
Clients: 8
Total Requests (without replies): 604879
Total Requests (including replies): 604879
Successful Responses: 604879
Timeout Responses: 0
Total Failed Responses: 0
% Success: 100.0
% Timeout: 0.0
% Failed: 0.0
Response Time (Successful requests):
[max] 37ms, [min] 0ms
[avg] 0.5418620914265497 ms, [stdev] 0.7434125148449003ms
Throughput: 10080.980633978867 requests per second
Goodput: 10080.980633978867 requests per second
Retry Rate (Successful requests): 1.0
Sending WIPE-OUT to all servers...
[ ... Completed in 0.127 seconds ]
[OK]
Waiting for 5 seconds for the cache to be cleared!
[ ... TEST Completed in 65.49 seconds ]
[Info] Pausing for 6 seconds to wait for the cache to be cleared!

[ TEST Single Front-End Performance (32 clients, 60.0 seconds): PUT -> GET (closed loop) ]
[Warning] Received out-of-space error. Sending wipeout!
Sending WIPE-OUT to all servers...
[ ... Completed in 0.025 seconds ]
[OK]
[Warning] Received out-of-space error. Sending wipeout!
Sending WIPE-OUT to all servers...
[ ... Completed in 0.034 seconds ]
[OK]
[Warning] Received out-of-space error. Sending wipeout!
Sending WIPE-OUT to all servers...
[ ... Completed in 0.03 seconds ]
[OK]
[Warning] Received out-of-space error. Sending wipeout!
Sending WIPE-OUT to all servers...
[ ... Completed in 0.021 seconds ]
[OK]
[Warning] Received out-of-space error. Sending wipeout!
Sending WIPE-OUT to all servers...
[ ... Completed in 0.018 seconds ]
[OK]
[Warning] Received out-of-space error. Sending wipeout!
Sending WIPE-OUT to all servers...
[ ... Completed in 0.018 seconds ]
[OK]
[Warning] Received out-of-space error. Sending wipeout!
Sending WIPE-OUT to all servers...
[ ... Completed in 0.017 seconds ]
[OK]
[Warning] Received out-of-space error. Sending wipeout!
Sending WIPE-OUT to all servers...
[ ... Completed in 0.017 seconds ]
[OK]
[Warning] Received out-of-space error. Sending wipeout!
Sending WIPE-OUT to all servers...
[ ... Completed in 0.018 seconds ]
[OK]
[Warning] Received out-of-space error. Sending wipeout!
Sending WIPE-OUT to all servers...
[ ... Completed in 0.018 seconds ]
[OK]
[Warning] Received out-of-space error. Sending wipeout!
Sending WIPE-OUT to all servers...
[ ... Completed in 0.016 seconds ]
[OK]
[Warning] Received out-of-space error. Sending wipeout!
Sending WIPE-OUT to all servers...
[ ... Completed in 0.024 seconds ]
[OK]
[Warning] Received out-of-space error. Sending wipeout!
Sending WIPE-OUT to all servers...
[ ... Completed in 0.022 seconds ]
[OK]
[Warning] Received out-of-space error. Sending wipeout!
Sending WIPE-OUT to all servers...
[ ... Completed in 0.021 seconds ]
[OK]
[Warning] Received out-of-space error. Sending wipeout!
Sending WIPE-OUT to all servers...
[ ... Completed in 0.019 seconds ]
[OK]
[Warning] Received out-of-space error. Sending wipeout!
Sending WIPE-OUT to all servers...
[ ... Completed in 0.035 seconds ]
[OK]
[Warning] Received out-of-space error. Sending wipeout!
Sending WIPE-OUT to all servers...
[ ... Completed in 0.045 seconds ]
[OK]
[Warning] Received out-of-space error. Sending wipeout!
Sending WIPE-OUT to all servers...
[ ... Completed in 0.033 seconds ]
[OK]
[Warning] Received out-of-space error. Sending wipeout!
Sending WIPE-OUT to all servers...
[ ... Completed in 0.027 seconds ]
[OK]
[Warning] Received out-of-space error. Sending wipeout!
Sending WIPE-OUT to all servers...
[ ... Completed in 0.027 seconds ]
[OK]
[Warning] Received out-of-space error. Sending wipeout!
Sending WIPE-OUT to all servers...
[ ... Completed in 0.023 seconds ]
[OK]
[Warning] Received out-of-space error. Sending wipeout!
Sending WIPE-OUT to all servers...
[ ... Completed in 0.019 seconds ]
[OK]
[Warning] Received out-of-space error. Sending wipeout!
Sending WIPE-OUT to all servers...
[ ... Completed in 0.019 seconds ]
[OK]
[Warning] Received out-of-space error. Sending wipeout!
Sending WIPE-OUT to all servers...
[ ... Completed in 0.029 seconds ]
[OK]
[Warning] Received out-of-space error. Sending wipeout!
Sending WIPE-OUT to all servers...
[ ... Completed in 0.037 seconds ]
[OK]
[Warning] Received out-of-space error. Sending wipeout!
Sending WIPE-OUT to all servers...
[ ... Completed in 0.037 seconds ]
[OK]
[Warning] Received out-of-space error. Sending wipeout!
Sending WIPE-OUT to all servers...
[ ... Completed in 0.026 seconds ]
[OK]
[Warning] Received out-of-space error. Sending wipeout!
Sending WIPE-OUT to all servers...
[ ... Completed in 0.03 seconds ]
[OK]
[Warning] Received out-of-space error. Sending wipeout!
Sending WIPE-OUT to all servers...
[ ... Completed in 0.035 seconds ]
[OK]
[Warning] Received out-of-space error. Sending wipeout!
Sending WIPE-OUT to all servers...
[ ... Completed in 0.031 seconds ]
[OK]
[Warning] Received out-of-space error. Sending wipeout!
Sending WIPE-OUT to all servers...
[ ... Completed in 0.026 seconds ]
[OK]
[Warning] Received out-of-space error. Sending wipeout!
Sending WIPE-OUT to all servers...
[ ... Completed in 0.022 seconds ]
[OK]
[Warning] Received out-of-space error. Sending wipeout!
Sending WIPE-OUT to all servers...
[ ... Completed in 0.024 seconds ]
[OK]
[Warning] Received out-of-space error. Sending wipeout!
Sending WIPE-OUT to all servers...
[ ... Completed in 0.02 seconds ]
[OK]
[Warning] Received out-of-space error. Sending wipeout!
Sending WIPE-OUT to all servers...
[ ... Completed in 0.018 seconds ]
[OK]
[Warning] Received out-of-space error. Sending wipeout!
Sending WIPE-OUT to all servers...
[ ... Completed in 0.024 seconds ]
[OK]
[Warning] Received out-of-space error. Sending wipeout!
Sending WIPE-OUT to all servers...
[ ... Completed in 0.022 seconds ]
[OK]
[Warning] Received out-of-space error. Sending wipeout!
Sending WIPE-OUT to all servers...
[ ... Completed in 0.025 seconds ]
[OK]
[Warning] Received out-of-space error. Sending wipeout!
Sending WIPE-OUT to all servers...
[ ... Completed in 0.018 seconds ]
[OK]
[Warning] Received out-of-space error. Sending wipeout!
Sending WIPE-OUT to all servers...
[ ... Completed in 0.014 seconds ]
[OK]
[Warning] Received out-of-space error. Sending wipeout!
Sending WIPE-OUT to all servers...
[ ... Completed in 0.014 seconds ]
[OK]
[Warning] Received out-of-space error. Sending wipeout!
Sending WIPE-OUT to all servers...
[ ... Completed in 0.017 seconds ]
[OK]
[Warning] Received out-of-space error. Sending wipeout!
Sending WIPE-OUT to all servers...
[ ... Completed in 0.016 seconds ]
[OK]
[Warning] Received out-of-space error. Sending wipeout!
Sending WIPE-OUT to all servers...
[ ... Completed in 0.018 seconds ]
[OK]
[Warning] Received out-of-space error. Sending wipeout!
Sending WIPE-OUT to all servers...
